This is pdfTeX, Version 3.14159-1.10b (Web2C 7.4.5) (format=pdflatex 2003.3.1)  3 APR 2006 02:29
**notes/week8notes.tex
(./notes/week8notes.tex{/opt/local/packages/teTeX-2.0.2/share/texmf/pdftex/conf
ig/pdftex.cfg}
LaTeX2e <2001/06/01>
Babel <v3.7h> and hyphenation patterns for american, french, german, ngerman, n
ohyphenation, loaded.
(/opt/local/packages/teTeX-2.0.2/share/texmf/tex/latex/base/article.cls
Document Class: article 2001/04/21 v1.4e Standard LaTeX document class
(/opt/local/packages/teTeX-2.0.2/share/texmf/tex/latex/base/size10.clo
File: size10.clo 2001/04/21 v1.4e Standard LaTeX file (size option)
)
\c@part=\count79
\c@section=\count80
\c@subsection=\count81
\c@subsubsection=\count82
\c@paragraph=\count83
\c@subparagraph=\count84
\c@figure=\count85
\c@table=\count86
\abovecaptionskip=\skip41
\belowcaptionskip=\skip42
\bibindent=\dimen102
)
(/opt/local/packages/teTeX-2.0.2/share/texmf/tex/latex/graphics/graphicx.sty
Package: graphicx 1999/02/16 v1.0f Enhanced LaTeX Graphics (DPC,SPQR)

(/opt/local/packages/teTeX-2.0.2/share/texmf/tex/latex/graphics/keyval.sty
Package: keyval 1999/03/16 v1.13 key=value parser (DPC)
\KV@toks@=\toks14
)
(/opt/local/packages/teTeX-2.0.2/share/texmf/tex/latex/graphics/graphics.sty
Package: graphics 2001/07/07 v1.0n Standard LaTeX Graphics (DPC,SPQR)

(/opt/local/packages/teTeX-2.0.2/share/texmf/tex/latex/graphics/trig.sty
Package: trig 1999/03/16 v1.09 sin cos tan (DPC)
)
(/opt/local/packages/teTeX-2.0.2/share/texmf/tex/latex/config/graphics.cfg
File: graphics.cfg 2001/08/31 v1.1 graphics configuration of teTeX/TeXLive
)
Package graphics Info: Driver file: pdftex.def on input line 80.

(/opt/local/packages/teTeX-2.0.2/share/texmf/tex/latex/graphics/pdftex.def
File: pdftex.def 2002/06/19 v0.03k graphics/color for pdftex
\Gread@gobject=\count87
))
\Gin@req@height=\dimen103
\Gin@req@width=\dimen104
)

! LaTeX Error: File `html.sty' not found.

Type X to quit or <RETURN> to proceed,
or enter new name. (Default extension: sty)

Enter file name: 
! Interruption.
<to be read again> 
                   }
l.3 ...ckage{graphicx}\usepackage{html}\usepackage
                                                  {verbatim}^^M
? q
OK, entering \batchmode...

(/opt/local/packages/teTeX-2.0.2/share/texmf/tex/latex/tools/verbatim.sty
Package: verbatim 2001/03/12 v1.5p LaTeX2e package for verbatim enhancements
\every@verbatim=\toks15
\verbatim@line=\toks16
\verbatim@in@stream=\read1
)
No file week8notes.aux.
\openout1 = `week8notes.aux'.

LaTeX Font Info:    Checking defaults for OML/cmm/m/it on input line 4.
LaTeX Font Info:    ... okay on input line 4.
LaTeX Font Info:    Checking defaults for T1/cmr/m/n on input line 4.
LaTeX Font Info:    ... okay on input line 4.
LaTeX Font Info:    Checking defaults for OT1/cmr/m/n on input line 4.
LaTeX Font Info:    ... okay on input line 4.
LaTeX Font Info:    Checking defaults for OMS/cmsy/m/n on input line 4.
LaTeX Font Info:    ... okay on input line 4.
LaTeX Font Info:    Checking defaults for OMX/cmex/m/n on input line 4.
LaTeX Font Info:    ... okay on input line 4.
LaTeX Font Info:    Checking defaults for U/cmr/m/n on input line 4.
LaTeX Font Info:    ... okay on input line 4.

(/opt/local/packages/teTeX-2.0.2/share/texmf/tex/context/base/supp-pdf.tex
(/opt/local/packages/teTeX-2.0.2/share/texmf/tex/context/base/supp-mis.tex
loading : Context Support Macros / Missing
\protectiondepth=\count88
\scratchcounter=\count89
\scratchtoks=\toks17
\scratchdimen=\dimen105
\scratchskip=\skip43
\scratchmuskip=\muskip10
\scratchbox=\box26
\scratchread=\read2
\scratchwrite=\write3
\zeropoint=\dimen106
\minusone=\count90
\thousandpoint=\dimen107
\emptytoks=\toks18
\nextbox=\box27
\nextdepth=\dimen108
\everyline=\toks19
\!!counta=\count91
\!!countb=\count92
\recursecounter=\count93
)
loading : Context Support Macros / PDF
\nofMPsegments=\count94
\nofMParguments=\count95
\everyMPtoPDFconversion=\toks20
)
LaTeX Font Info:    External font `cmex10' loaded for size
(Font)              <12> on input line 6.
LaTeX Font Info:    External font `cmex10' loaded for size
(Font)              <8> on input line 6.
LaTeX Font Info:    External font `cmex10' loaded for size
(Font)              <6> on input line 6.

LaTeX Warning: No \author given.

LaTeX Font Info:    Try loading font information for OMS+cmr on input line 10.

(/opt/local/packages/teTeX-2.0.2/share/texmf/tex/latex/base/omscmr.fd
File: omscmr.fd 1999/05/25 v2.5h Standard LaTeX font definitions
)
LaTeX Font Info:    Font shape `OMS/cmr/m/n' in size <10> not available
(Font)              Font shape `OMS/cmsy/m/n' tried instead on input line 10.
 [1

{/opt/local/packages/teTeX-2.0.2/share/texmf/dvips/config/pdftex.map}]
! Undefined control sequence.
l.49 \item Check free at \htmladdnormallink
                                           {http://www.oswd.org}{http://www....
The control sequence at the end of the top line
of your error message was never \def'ed. If you have
misspelled it (e.g., `\hobx'), type `I' and the correct
spelling (e.g., `I\hbox'). Otherwise just continue,
and I'll forget about whatever was undefined.

! Undefined control sequence.
l.49 ...http://www.oswd.org} or \htmladdnormallink
                                                  {http://www.openwebdesign....
The control sequence at the end of the top line
of your error message was never \def'ed. If you have
misspelled it (e.g., `\hobx'), type `I' and the correct
spelling (e.g., `I\hbox'). Otherwise just continue,
and I'll forget about whatever was undefined.


Overfull \hbox (215.11217pt too wide) in paragraph at lines 49--50
[]/cmr10/Check free at http://www.oswd.orghttp://www.oswd.org or http://www.ope
nwebdesign.orghttp://www.openwebdesign.org 
 []

 [2] [3] (./week8notes.aux) ) 
Here is how much of TeX's memory you used:
 937 strings out of 95437
 12054 string characters out of 1188560
 59390 words of memory out of 1000001
 3978 multiletter control sequences out of 10000+50000
 7587 words of font info for 27 fonts, out of 500000 for 1000
 14 hyphenation exceptions out of 1000
 25i,6n,19p,252b,255s stack positions out of 1500i,500n,5000p,200000b,5000s
 25 PDF objects out of 300000
 0 named destinations out of 131072
 0 words of extra memory for PDF output out of 65536
{/opt/local/packages/teTeX-2.0.2/share/texmf/dvips
/tetex/f7b6d320.enc}</opt/local/packages/teTeX-2.0.2/share/texmf/fonts/type1/bl
uesky/cm/cmr10.pfb>{/opt/local/packages/teTeX-2.0.2/share/texmf/dvips/tetex/bba
d153f.enc}</opt/local/packages/teTeX-2.0.2/share/texmf/fonts/type1/bluesky/cm/c
msy10.pfb></opt/local/packages/teTeX-2.0.2/share/texmf/fonts/type1/bluesky/cm/c
mbx12.pfb></opt/local/packages/teTeX-2.0.2/share/texmf/fonts/type1/bluesky/cm/c
mr12.pfb></opt/local/packages/teTeX-2.0.2/share/texmf/fonts/type1/bluesky/cm/cm
r17.pfb>
Output written on week8notes.pdf (3 pages, 39182 bytes).
